<?xml version="1.0" encoding="UTF-8"?>
<robot generator="Robot 7.0.1 (Python 3.12.5 on win32)" generated="2024-08-26T22:18:21.593233" rpa="false" schemaversion="5">
<suite id="s1" name="LoginTest" source="C:\Users\Avinash\PycharmProjects\orangeHRMUsingRobotFramework\TestCases\LoginTest.robot">
<test id="s1-t1" name="LoginPage Test" line="14">
<kw name="Open my Browser" owner="LoginKeywords">
<kw name="Open Browser" owner="SeleniumLibrary">
<msg time="2024-08-26T22:18:21.925239" level="INFO">Opening browser 'chrome' to base url 'https://opensource-demo.orangehrmlive.com/web/index.php/auth/login'.</msg>
<arg>${url}</arg>
<arg>${browser}</arg>
<doc>Opens a new browser instance to the optional ``url``.</doc>
<status status="PASS" start="2024-08-26T22:18:21.924629" elapsed="9.680318"/>
</kw>
<kw name="Maximize Browser Window" owner="SeleniumLibrary">
<doc>Maximizes current browser window.</doc>
<status status="PASS" start="2024-08-26T22:18:31.605881" elapsed="0.029426"/>
</kw>
<arg>${url}</arg>
<arg>${browser}</arg>
<status status="PASS" start="2024-08-26T22:18:21.923673" elapsed="9.711634"/>
</kw>
<kw name="Sleep" owner="BuiltIn">
<msg time="2024-08-26T22:18:36.636214" level="INFO">Slept 5 seconds.</msg>
<arg>5</arg>
<doc>Pauses the test executed for the given time.</doc>
<status status="PASS" start="2024-08-26T22:18:31.635307" elapsed="5.000907"/>
</kw>
<kw name="Enter Username" owner="LoginKeywords">
<kw name="Input Text" owner="SeleniumLibrary">
<msg time="2024-08-26T22:18:36.636214" level="INFO">Typing text 'Admin' into text field 'xpath://input[@name='username']'.</msg>
<msg time="2024-08-26T22:18:36.734730" level="INFO" html="true">&lt;/td&gt;&lt;/tr&gt;&lt;tr&gt;&lt;td colspan="3"&gt;&lt;a href="selenium-screenshot-1.png"&gt;&lt;img src="selenium-screenshot-1.png" width="800px"&gt;&lt;/a&gt;</msg>
<msg time="2024-08-26T22:18:36.734730" level="FAIL">Element with locator 'xpath://input[@name='username']' not found.</msg>
<arg>xpath://input[@name='username']</arg>
<arg>${username}</arg>
<doc>Types the given ``text`` into the text field identified by ``locator``.</doc>
<status status="FAIL" start="2024-08-26T22:18:36.636214" elapsed="0.098516">Element with locator 'xpath://input[@name='username']' not found.</status>
</kw>
<arg>${user}</arg>
<status status="FAIL" start="2024-08-26T22:18:36.636214" elapsed="0.098516">Element with locator 'xpath://input[@name='username']' not found.</status>
</kw>
<kw name="Enter password" owner="LoginKeywords">
<arg>${pw}</arg>
<status status="NOT RUN" start="2024-08-26T22:18:36.748963" elapsed="0.000000"/>
</kw>
<kw name="click SignIn" owner="LoginKeywords">
<status status="NOT RUN" start="2024-08-26T22:18:36.748963" elapsed="0.000000"/>
</kw>
<kw name="Execution Completed" owner="LoginKeywords">
<status status="NOT RUN" start="2024-08-26T22:18:36.749966" elapsed="0.000000"/>
</kw>
<status status="FAIL" start="2024-08-26T22:18:21.922674" elapsed="14.828293">Element with locator 'xpath://input[@name='username']' not found.</status>
</test>
<status status="FAIL" start="2024-08-26T22:18:21.593233" elapsed="15.159736"/>
</suite>
<statistics>
<total>
<stat pass="0" fail="1" skip="0">All Tests</stat>
</total>
<tag>
</tag>
<suite>
<stat pass="0" fail="1" skip="0" id="s1" name="LoginTest">LoginTest</stat>
</suite>
</statistics>
<errors>
<msg time="2024-08-26T22:18:21.919678" level="ERROR">Error in file 'C:\Users\Avinash\PycharmProjects\orangeHRMUsingRobotFramework\Resources\LoginKeywords.robot' on line 3: Resource file '..PageObjectsLocators.py' does not exist.</msg>
</errors>
</robot>
